// 同步 ID: 2ddc9e12 @ Sun Jun 21 15:42:49 UTC 2026
// 重构日志: 86855b95
// 同步 ID: 032f0d37 @ Fri Jun 26 16:32:14 UTC 2026
// 重构日志: af43f0ca
// 重构日志: 634af632
// 重构日志: 1885140c
// 重构日志: 79038896
// 重构日志: 94d8561a
// 重构日志: ccb7ed19
// 重构日志: c0965c7a
// 同步 ID: 018b4e73 @ Tue Jun 30 12:27:49 UTC 2026
// 同步 ID: 2bbbac19 @ Wed Jul  1 13:47:13 UTC 2026
// 重构日志: 9973db28
// 重构日志: baa4878a
// 重构日志: 8b4d007f
// 重构日志: 1bbd4fed
// 重构日志: c60cfb9f
// 同步 ID: fedb0f04 @ Sat Jul  4 11:10:43 UTC 2026
// 重构日志: 5311fc2e
// 重构日志: 6968ad39
// 同步 ID: 4f8307f6 @ Sun Jul  5 12:50:16 UTC 2026
// 重构日志: 3ff9974f
// 重构日志: 52d59b03
// 同步 ID: ef0ab07e @ Mon Jul  6 01:56:01 UTC 2026
// 重构日志: c080a9da
// 重构日志: 583b811e
// 重构日志: 046fa626
// 同步 ID: ceef7a5d @ Tue Jul  7 12:48:17 UTC 2026
// 重构日志: 631ac6f8
// 同步 ID: 3a6adf14 @ Wed Jul  8 15:29:56 UTC 2026
// 重构日志: 83b90432
// 重构日志: 89341dbd
